<?xml version="1.0" encoding="UTF-8"?>
<testsuite name="e2e.tests.RegisterNewUserTest" tests="4" skipped="3" failures="1" errors="0" timestamp="2023-02-26T19:11:43" hostname="MacBook-Pro-Leonid.local" time="2.999">
  <properties/>
  <testcase name="setupTest" classname="e2e.tests.RegisterNewUserTest" time="2.994">
    <failure message="org.openqa.selenium.NoSuchWindowException: no such window: target window already closed&#10;from unknown error: web view not found&#10;  (Session info: chrome=110.0.5481.100)&#10;Build info: version: '4.8.1', revision: '8ebccac989'&#10;System info: os.name: 'Mac OS X', os.arch: 'aarch64', os.version: '13.2', java.version: '18'&#10;Driver info: org.openqa.selenium.chrome.ChromeDriver&#10;Command: [99680b335401118f607bb793d66ed6d1, maximizeCurrentWindow {}]&#10;Capabilities {acceptInsecureCerts: false, browserName: chrome, browserVersion: 110.0.5481.100, chrome: {chromedriverVersion: 110.0.5481.77 (65ed616c6e8e..., userDataDir: /var/folders/m6/8rpbbhz94_5...}, goog:chromeOptions: {debuggerAddress: localhost:57137}, networkConnectionEnabled: false, pageLoadStrategy: normal, platformName: MAC, proxy: Proxy(), se:cdp: ws://localhost:57137/devtoo..., se:cdpVersion: 110.0.5481.100, setWindowRect: true, strictFileInteractability: false, timeouts: {implicit: 0, pageLoad: 300000, script: 30000}, unhandledPromptBehavior: dismiss and notify, webauthn:extension:credBlob: true, webauthn:extension:largeBlob: true, webauthn:virtualAuthenticators: true}&#10;Session ID: 99680b335401118f607bb793d66ed6d1" type="org.openqa.selenium.NoSuchWindowException">org.openqa.selenium.NoSuchWindowException: no such window: target window already closed
from unknown error: web view not found
  (Session info: chrome=110.0.5481.100)
Build info: version: '4.8.1', revision: '8ebccac989'
System info: os.name: 'Mac OS X', os.arch: 'aarch64', os.version: '13.2', java.version: '18'
Driver info: org.openqa.selenium.chrome.ChromeDriver
Command: [99680b335401118f607bb793d66ed6d1, maximizeCurrentWindow {}]
Capabilities {acceptInsecureCerts: false, browserName: chrome, browserVersion: 110.0.5481.100, chrome: {chromedriverVersion: 110.0.5481.77 (65ed616c6e8e..., userDataDir: /var/folders/m6/8rpbbhz94_5...}, goog:chromeOptions: {debuggerAddress: localhost:57137}, networkConnectionEnabled: false, pageLoadStrategy: normal, platformName: MAC, proxy: Proxy(), se:cdp: ws://localhost:57137/devtoo..., se:cdpVersion: 110.0.5481.100, setWindowRect: true, strictFileInteractability: false, timeouts: {implicit: 0, pageLoad: 300000, script: 30000}, unhandledPromptBehavior: dismiss and notify, webauthn:extension:credBlob: true, webauthn:extension:largeBlob: true, webauthn:virtualAuthenticators: true}
Session ID: 99680b335401118f607bb793d66ed6d1
	at java.base@18/jdk.internal.reflect.DirectConstructorHandleAccessor.newInstance(DirectConstructorHandleAccessor.java:67)
	at java.base@18/java.lang.reflect.Constructor.newInstanceWithCaller(Constructor.java:499)
	at java.base@18/java.lang.reflect.Constructor.newInstance(Constructor.java:483)
	at app//org.openqa.selenium.remote.codec.w3c.W3CHttpResponseCodec.createException(W3CHttpResponseCodec.java:200)
	at app//org.openqa.selenium.remote.codec.w3c.W3CHttpResponseCodec.decode(W3CHttpResponseCodec.java:133)
	at app//org.openqa.selenium.remote.codec.w3c.W3CHttpResponseCodec.decode(W3CHttpResponseCodec.java:53)
	at app//org.openqa.selenium.remote.HttpCommandExecutor.execute(HttpCommandExecutor.java:184)
	at app//org.openqa.selenium.remote.service.DriverCommandExecutor.invokeExecute(DriverCommandExecutor.java:167)
	at app//org.openqa.selenium.remote.service.DriverCommandExecutor.execute(DriverCommandExecutor.java:142)
	at app//org.openqa.selenium.remote.RemoteWebDriver.execute(RemoteWebDriver.java:543)
	at app//org.openqa.selenium.remote.RemoteWebDriver.execute(RemoteWebDriver.java:598)
	at app//org.openqa.selenium.remote.RemoteWebDriver.execute(RemoteWebDriver.java:602)
	at app//org.openqa.selenium.remote.RemoteWebDriver$RemoteWebDriverOptions$RemoteWindow.maximize(RemoteWebDriver.java:954)
	at app//e2e.ApplicationManager.init(ApplicationManager.java:46)
	at app//e2e.TestBase.setupTest(TestBase.java:20)
	at java.base@18/jdk.internal.reflect.DirectMethodHandleAccessor.invoke(DirectMethodHandleAccessor.java:104)
	at java.base@18/java.lang.reflect.Method.invoke(Method.java:577)
	at app//org.testng.internal.MethodInvocationHelper.invokeMethod(MethodInvocationHelper.java:134)
	at app//org.testng.internal.MethodInvocationHelper.invokeMethodConsideringTimeout(MethodInvocationHelper.java:63)
	at app//org.testng.internal.ConfigInvoker.invokeConfigurationMethod(ConfigInvoker.java:348)
	at app//org.testng.internal.ConfigInvoker.invokeConfigurations(ConfigInvoker.java:302)
	at app//org.testng.internal.TestInvoker.runConfigMethods(TestInvoker.java:695)
	at app//org.testng.internal.TestInvoker.invokeMethod(TestInvoker.java:523)
	at app//org.testng.internal.TestInvoker.invokeTestMethod(TestInvoker.java:173)
	at app//org.testng.internal.MethodRunner.runInSequence(MethodRunner.java:46)
	at app//org.testng.internal.TestInvoker$MethodInvocationAgent.invoke(TestInvoker.java:816)
	at app//org.testng.internal.TestInvoker.invokeTestMethods(TestInvoker.java:146)
	at app//org.testng.internal.TestMethodWorker.invokeTestMethods(TestMethodWorker.java:146)
	at app//org.testng.internal.TestMethodWorker.run(TestMethodWorker.java:128)
	at java.base@18/java.util.ArrayList.forEach(ArrayList.java:1511)
	at app//org.testng.TestRunner.privateRun(TestRunner.java:766)
	at app//org.testng.TestRunner.run(TestRunner.java:587)
	at app//org.testng.SuiteRunner.runTest(SuiteRunner.java:384)
	at app//org.testng.SuiteRunner.runSequentially(SuiteRunner.java:378)
	at app//org.testng.SuiteRunner.privateRun(SuiteRunner.java:337)
	at app//org.testng.SuiteRunner.run(SuiteRunner.java:286)
	at app//org.testng.SuiteRunnerWorker.runSuite(SuiteRunnerWorker.java:53)
	at app//org.testng.SuiteRunnerWorker.run(SuiteRunnerWorker.java:96)
	at app//org.testng.TestNG.runSuitesSequentially(TestNG.java:1187)
	at app//org.testng.TestNG.runSuitesLocally(TestNG.java:1109)
	at app//org.testng.TestNG.runSuites(TestNG.java:1039)
	at app//org.testng.TestNG.run(TestNG.java:1007)
	at org.gradle.api.internal.tasks.testing.testng.TestNGTestClassProcessor.runTests(TestNGTestClassProcessor.java:146)
	at org.gradle.api.internal.tasks.testing.testng.TestNGTestClassProcessor.stop(TestNGTestClassProcessor.java:91)
	at org.gradle.api.internal.tasks.testing.SuiteTestClassProcessor.stop(SuiteTestClassProcessor.java:61)
	at java.base@18/jdk.internal.reflect.DirectMethodHandleAccessor.invoke(DirectMethodHandleAccessor.java:104)
	at java.base@18/java.lang.reflect.Method.invoke(Method.java:577)
	at org.gradle.internal.dispatch.ReflectionDispatch.dispatch(ReflectionDispatch.java:36)
	at org.gradle.internal.dispatch.ReflectionDispatch.dispatch(ReflectionDispatch.java:24)
	at org.gradle.internal.dispatch.ContextClassLoaderDispatch.dispatch(ContextClassLoaderDispatch.java:33)
	at org.gradle.internal.dispatch.ProxyDispatchAdapter$DispatchingInvocationHandler.invoke(ProxyDispatchAdapter.java:94)
	at jdk.proxy1/jdk.proxy1.$Proxy2.stop(Unknown Source)
	at org.gradle.api.internal.tasks.testing.worker.TestWorker$3.run(TestWorker.java:193)
	at org.gradle.api.internal.tasks.testing.worker.TestWorker.executeAndMaintainThreadName(TestWorker.java:129)
	at org.gradle.api.internal.tasks.testing.worker.TestWorker.execute(TestWorker.java:100)
	at org.gradle.api.internal.tasks.testing.worker.TestWorker.execute(TestWorker.java:60)
	at org.gradle.process.internal.worker.child.ActionExecutionWorker.execute(ActionExecutionWorker.java:56)
	at org.gradle.process.internal.worker.child.SystemApplicationClassLoaderWorker.call(SystemApplicationClassLoaderWorker.java:133)
	at org.gradle.process.internal.worker.child.SystemApplicationClassLoaderWorker.call(SystemApplicationClassLoaderWorker.java:71)
	at app//worker.org.gradle.process.internal.worker.GradleWorkerMain.run(GradleWorkerMain.java:69)
	at app//worker.org.gradle.process.internal.worker.GradleWorkerMain.main(GradleWorkerMain.java:74)
</failure>
  </testcase>
  <testcase name="registerExistingUser" classname="e2e.tests.RegisterNewUserTest" time="0.0">
    <skipped/>
  </testcase>
  <testcase name="registerNewUserWithInvalidData" classname="e2e.tests.RegisterNewUserTest" time="0.0">
    <skipped/>
  </testcase>
  <testcase name="registerNewUserWithValidData" classname="e2e.tests.RegisterNewUserTest" time="0.0">
    <skipped/>
  </testcase>
  <system-out><![CDATA[23:11:43.097 [Test worker] DEBUG i.g.b.wdm.cache.ResolutionCache -- Resolution chrome=110 in cache (valid until 00:11:23 27/02/2023 GET)
23:11:43.097 [Test worker] DEBUG i.g.b.wdm.cache.ResolutionCache -- Resolution chrome110=110.0.5481.77 in cache (valid until 20:19:44 27/02/2023 GET)
23:11:43.097 [Test worker] INFO  i.g.bonigarcia.wdm.WebDriverManager -- Using chromedriver 110.0.5481.77 (resolved driver for Chrome 110)
23:11:43.099 [Test worker] DEBUG i.g.bonigarcia.wdm.WebDriverManager -- Driver chromedriver 110.0.5481.77 found in cache
23:11:43.100 [Test worker] INFO  i.g.bonigarcia.wdm.WebDriverManager -- Exporting webdriver.chrome.driver as /Users/leo/.cache/selenium/chromedriver/mac-arm64/110.0.5481.77/chromedriver
23:11:43.163 [AsyncHttpClient-1-5] DEBUG o.a.n.channel.NettyConnectListener -- Using new Channel '[id: 0xf2969e0a, L:/127.0.0.1:57136 - R:localhost/127.0.0.1:48205]' for 'POST' to '/session'
23:11:43.860 [AsyncHttpClient-1-1] DEBUG o.a.netty.channel.DefaultChannelPool -- Entry count for : http://localhost:2059 : 1
23:11:43.861 [AsyncHttpClient-1-1] DEBUG o.a.netty.channel.DefaultChannelPool -- Entry count for : http://localhost:57120 : 1
23:11:43.960 [AsyncHttpClient-1-5] DEBUG o.a.netty.handler.HttpHandler -- 

Request DefaultHttpRequest(decodeResult: success, version: HTTP/1.1)
POST /session HTTP/1.1
User-Agent: selenium/4.8.1 (java mac)
Content-Length: 365
Content-Type: application/json; charset=utf-8
host: localhost:48205
accept: */*

Response DefaultHttpResponse(decodeResult: success, version: HTTP/1.1)
HTTP/1.1 200 OK
Content-Length: 800
Content-Type: application/json; charset=utf-8
cache-control: no-cache

23:11:43.960 [AsyncHttpClient-1-5] DEBUG o.a.netty.channel.ChannelManager -- Adding key: http://localhost:48205 for channel [id: 0xf2969e0a, L:/127.0.0.1:57136 - R:localhost/127.0.0.1:48205]
23:11:43.969 [AsyncHttpClient-1-6] DEBUG o.a.n.channel.NettyConnectListener -- Using new Channel '[id: 0x327fead5, L:/127.0.0.1:57141 - R:localhost/127.0.0.1:57137]' for 'GET' to '/json/version'
23:11:43.975 [AsyncHttpClient-1-6] DEBUG o.a.netty.handler.HttpHandler -- 

Request DefaultFullHttpRequest(decodeResult: success, version: HTTP/1.1, content: EmptyByteBufBE)
GET /json/version HTTP/1.1
User-Agent: selenium/4.8.1 (java mac)
host: localhost:57137
accept: */*

Response DefaultHttpResponse(decodeResult: success, version: HTTP/1.1)
HTTP/1.1 200 OK
Content-Security-Policy: frame-ancestors 'none'
Content-Length: 422
Content-Type: application/json; charset=UTF-8

23:11:43.977 [AsyncHttpClient-1-6] DEBUG o.a.netty.channel.ChannelManager -- Adding key: http://localhost:57137 for channel [id: 0x327fead5, L:/127.0.0.1:57141 - R:localhost/127.0.0.1:57137]
23:11:43.979 [AsyncHttpClient-1-7] DEBUG o.a.n.channel.NettyConnectListener -- Using new Channel '[id: 0xdfd899a4, L:/127.0.0.1:57142 - R:localhost/127.0.0.1:57137]' for 'GET' to '/devtools/browser/f9b711d8-1ccb-422b-b429-370bed2a6c01'
23:11:43.982 [AsyncHttpClient-1-7] DEBUG o.a.netty.handler.WebSocketHandler -- 

Request DefaultFullHttpRequest(decodeResult: success, version: HTTP/1.1, content: EmptyByteBufBE)
GET /devtools/browser/f9b711d8-1ccb-422b-b429-370bed2a6c01 HTTP/1.1
upgrade: websocket
connection: upgrade
sec-websocket-key: oPGemeAzHXDzz8ToW36Gkg==
sec-websocket-version: 13
origin: http://localhost:57137
host: localhost:57137
accept: */*
user-agent: AHC/2.1

Response DefaultHttpResponse(decodeResult: success, version: HTTP/1.1)
HTTP/1.1 101 WebSocket Protocol Handshake
Upgrade: WebSocket
Connection: Upgrade
Sec-WebSocket-Accept: c432hcliWrgrG8gCwjcjpsAj5tA=

23:11:43.991 [Forwarding get on session 99680b335401118f607bb793d66ed6d1 to remote] DEBUG o.a.netty.request.NettyRequestSender -- Using pooled Channel '[id: 0xf2969e0a, L:/127.0.0.1:57136 - R:localhost/127.0.0.1:48205]' for 'POST' to 'http://localhost:48205/session/99680b335401118f607bb793d66ed6d1/url'
23:11:43.995 [Forwarding get on session 99680b335401118f607bb793d66ed6d1 to remote] DEBUG o.a.netty.request.NettyRequestSender -- Using open Channel [id: 0xf2969e0a, L:/127.0.0.1:57136 - R:localhost/127.0.0.1:48205] for POST '/session/99680b335401118f607bb793d66ed6d1/url'
23:11:44.960 [AsyncHttpClient-1-1] DEBUG o.a.netty.channel.DefaultChannelPool -- Entry count for : http://localhost:2059 : 1
23:11:44.960 [AsyncHttpClient-1-1] DEBUG o.a.netty.channel.DefaultChannelPool -- Entry count for : http://localhost:57120 : 1
23:11:44.960 [AsyncHttpClient-1-1] DEBUG o.a.netty.channel.DefaultChannelPool -- Entry count for : http://localhost:57137 : 1
23:11:46.056 [AsyncHttpClient-1-5] DEBUG o.a.netty.handler.HttpHandler -- 

Request DefaultHttpRequest(decodeResult: success, version: HTTP/1.1)
POST /session/99680b335401118f607bb793d66ed6d1/url HTTP/1.1
User-Agent: selenium/4.8.1 (java mac)
Content-Length: 66
Content-Type: application/json; charset=utf-8
host: localhost:48205
accept: */*

Response DefaultHttpResponse(decodeResult: success, version: HTTP/1.1)
HTTP/1.1 200 OK
Content-Length: 14
Content-Type: application/json; charset=utf-8
cache-control: no-cache

23:11:46.057 [AsyncHttpClient-1-1] DEBUG o.a.netty.channel.DefaultChannelPool -- Entry count for : http://localhost:2059 : 1
23:11:46.058 [AsyncHttpClient-1-1] DEBUG o.a.netty.channel.DefaultChannelPool -- Entry count for : http://localhost:57120 : 1
23:11:46.058 [AsyncHttpClient-1-1] DEBUG o.a.netty.channel.DefaultChannelPool -- Entry count for : http://localhost:57137 : 1
23:11:46.058 [AsyncHttpClient-1-5] DEBUG o.a.netty.channel.ChannelManager -- Adding key: http://localhost:48205 for channel [id: 0xf2969e0a, L:/127.0.0.1:57136 - R:localhost/127.0.0.1:48205]
23:11:46.066 [Forwarding maximizeCurrentWindow on session 99680b335401118f607bb793d66ed6d1 to remote] DEBUG o.a.netty.request.NettyRequestSender -- Using pooled Channel '[id: 0xf2969e0a, L:/127.0.0.1:57136 - R:localhost/127.0.0.1:48205]' for 'POST' to 'http://localhost:48205/session/99680b335401118f607bb793d66ed6d1/window/maximize'
23:11:46.072 [Forwarding maximizeCurrentWindow on session 99680b335401118f607bb793d66ed6d1 to remote] DEBUG o.a.netty.request.NettyRequestSender -- Using open Channel [id: 0xf2969e0a, L:/127.0.0.1:57136 - R:localhost/127.0.0.1:48205] for POST '/session/99680b335401118f607bb793d66ed6d1/window/maximize'
23:11:46.074 [AsyncHttpClient-1-5] DEBUG o.a.netty.handler.HttpHandler -- 

Request DefaultHttpRequest(decodeResult: success, version: HTTP/1.1)
POST /session/99680b335401118f607bb793d66ed6d1/window/maximize HTTP/1.1
User-Agent: selenium/4.8.1 (java mac)
Content-Length: 3
Content-Type: application/json; charset=utf-8
host: localhost:48205
accept: */*

Response DefaultHttpResponse(decodeResult: success, version: HTTP/1.1)
HTTP/1.1 404 Not Found
Content-Length: 1670
Content-Type: application/json; charset=utf-8
cache-control: no-cache

23:11:46.079 [AsyncHttpClient-1-5] DEBUG o.a.netty.channel.ChannelManager -- Adding key: http://localhost:48205 for channel [id: 0xf2969e0a, L:/127.0.0.1:57136 - R:localhost/127.0.0.1:48205]
]]></system-out>
  <system-err><![CDATA[Starting ChromeDriver 110.0.5481.77 (65ed616c6e8ee3fe0ad64fe83796c020644d42af-refs/branch-heads/5481@{#839}) on port 48205
Only local connections are allowed.
Please see https://chromedriver.chromium.org/security-considerations for suggestions on keeping ChromeDriver safe.
ChromeDriver was started successfully.
[1677438703.932][WARNING]: virtual void DevToolsClientImpl::AddListener(DevToolsEventListener *) subscribing a listener to the already connected DevToolsClient. Connection notification will not arrive.
]]></system-err>
</testsuite>
